#
# A fatal error has been detected by the Java Runtime Environment:
#
#  EXCEPTION_ACCESS_VIOLATION (0xc0000005) at pc=0x00000000055ea9ce, pid=6440, tid=0x0000000000001cb0
#
# JRE version: Java(TM) SE Runtime Environment (8.0_144-b01) (build 1.8.0_144-b01)
# Java VM: Java HotSpot(TM) 64-Bit Server VM (25.144-b01 mixed mode windows-amd64 compressed oops)
# Problematic frame:
# J 44 C1 java.lang.String.indexOf([CII[CIII)I (166 bytes) @ 0x00000000055ea9ce [0x00000000055ea940+0x8e]
#
# Failed to write core dump. Minidumps are not enabled by default on client versions of Windows
#
# If you would like to submit a bug report, please visit:
#   http://bugreport.java.com/bugreport/crash.jsp
#

---------------  T H R E A D  ---------------

Current thread (0x000000001d480000):  JavaThread "restartedMain" [_thread_in_Java, id=7344, stack(0x000000001edf0000,0x000000001eef0000)]

siginfo: ExceptionCode=0xc0000005, reading address 0xffffffffffffffff

Registers:
RAX=0x0000000000000017, RBX=0x000000000000002e, RCX=0x0000000000000002, RDX=0x00000000d8087f38
RSP=0x000000001eeec840, RBP=0x000000001eeecbb0, RSI=0x0000000000000000, RDI=0x0000000080f1cba8
R8 =0x0000000000000000, R9 =0x0000000000000023, R10=0x0000000080a00388, R11=0x0000000000000017
R12=0x0000000000000000, R13=0x0000000000000001, R14=0x0000000000000001, R15=0x000000001d480000
RIP=0x00000000055ea9ce, EFLAGS=0x0000000000010283

Top of Stack: (sp=0x000000001eeec840)
0x000000001eeec840:   00000000d80883e0 0000002400000025
0x000000001eeec850:   0000000000000025 00000000d80874d0
0x000000001eeec860:   0000000000000000 0000000005611bc9
0x000000001eeec870:   000000001eeecbb0 00000000056efa84
0x000000001eeec880:   0000000000000000 0000000000000000
0x000000001eeec890:   0000000080a00c38 0000000000000000
0x000000001eeec8a0:   0000000080fec2c8 0000000000000021
0x000000001eeec8b0:   0000000080fec348 0000000000000000
0x000000001eeec8c0:   0000000080fec348 00000000d8084290
0x000000001eeec8d0:   000000001eeecc60 0000000005696db4
0x000000001eeec8e0:   00000000d8083e80 0000007300000000
0x000000001eeec8f0:   000000001eeecbb0 000000000567635c
0x000000001eeec900:   0000000080fec2c8 00000000d8084290
0x000000001eeec910:   0000000000000000 0000000080fec3f0
0x000000001eeec920:   00000000d8087f98 00000000d8087fb0
0x000000001eeec930:   0000000000000000 0000000080f0d440 

Instructions: (pc=0x00000000055ea9ce)
0x00000000055ea9ae:   0f b7 5c 5a 10 44 3b db 0f 84 34 00 00 00 e9 28
0x00000000055ea9be:   00 00 00 0f 1f 80 00 00 00 00 4c 63 d8 3b 42 0c
0x00000000055ea9ce:   0f 83 0c 01 00 00 46 0f b7 5c 5a 10 44 3b db 0f
0x00000000055ea9de:   84 0d 00 00 00 85 05 17 57 3d fe ff c0 41 3b c1 


Register to memory mapping:

RAX=0x0000000000000017 is an unknown value
RBX=0x000000000000002e is an unknown value
RCX=0x0000000000000002 is an unknown value
RDX=0x00000000d8087f38 is an oop
[C 
 - klass: {type array char}
 - length: 37
RSP=0x000000001eeec840 is pointing into the stack for thread: 0x000000001d480000
RBP=0x000000001eeecbb0 is pointing into the stack for thread: 0x000000001d480000
RSI=0x0000000000000000 is an unknown value
RDI=0x0000000080f1cba8 is an oop
[C 
 - klass: {type array char}
 - length: 2
R8 =0x0000000000000000 is an unknown value
R9 =0x0000000000000023 is an unknown value
R10=0x0000000080a00388 is an oop
java.lang.String 
 - klass: 'java/lang/String'
R11=0x0000000000000017 is an unknown value
R12=0x0000000000000000 is an unknown value
R13=0x0000000000000001 is an unknown value
R14=0x0000000000000001 is an unknown value
R15=0x000000001d480000 is a thread


Stack: [0x000000001edf0000,0x000000001eef0000],  sp=0x000000001eeec840,  free space=1010k
Native frames: (J=compiled Java code, j=interpreted, Vv=VM code, C=native code)
C  0x00000000055ea9ce


---------------  P R O C E S S  ---------------

Java Threads: ( => current thread )
=>0x000000001d480000 JavaThread "restartedMain" [_thread_in_Java, id=7344, stack(0x000000001edf0000,0x000000001eef0000)]
  0x000000001d47e800 JavaThread "Thread-2" [_thread_blocked, id=15016, stack(0x000000001ecf0000,0x000000001edf0000)]
  0x000000001d178000 JavaThread "RMI TCP Connection(2)-192.168.44.240" daemon [_thread_in_native, id=204, stack(0x000000001e9f0000,0x000000001eaf0000)]
  0x000000001d177000 JavaThread "RMI Scheduler(0)" daemon [_thread_blocked, id=1124, stack(0x000000001e8f0000,0x000000001e9f0000)]
  0x000000001d174800 JavaThread "RMI TCP Connection(1)-127.0.0.1" daemon [_thread_in_native, id=6640, stack(0x000000001e7f0000,0x000000001e8f0000)]
  0x000000001cfc1800 JavaThread "RMI TCP Accept-0" daemon [_thread_in_native, id=9984, stack(0x000000001e010000,0x000000001e110000)]
  0x000000001cfb6800 JavaThread "RMI TCP Accept-6176" daemon [_thread_in_native, id=7180, stack(0x000000001df10000,0x000000001e010000)]
  0x000000001cfb2800 JavaThread "RMI TCP Accept-0" daemon [_thread_in_native, id=4340, stack(0x000000001de10000,0x000000001df10000)]
  0x000000001c7de800 JavaThread "Service Thread" daemon [_thread_blocked, id=16120, stack(0x000000001d9d0000,0x000000001dad0000)]
  0x000000001c7b8800 JavaThread "C1 CompilerThread3" daemon [_thread_blocked, id=9404, stack(0x000000001d8d0000,0x000000001d9d0000)]
  0x000000001c7b6000 JavaThread "C2 CompilerThread2" daemon [_thread_blocked, id=10048, stack(0x000000001d7d0000,0x000000001d8d0000)]
  0x000000001c7b3000 JavaThread "C2 CompilerThread1" daemon [_thread_blocked, id=11844, stack(0x000000001d6d0000,0x000000001d7d0000)]
  0x000000001c7b0800 JavaThread "C2 CompilerThread0" daemon [_thread_blocked, id=11572, stack(0x000000001d5d0000,0x000000001d6d0000)]
  0x000000001c798800 JavaThread "Monitor Ctrl-Break" daemon [_thread_in_native, id=15796, stack(0x000000001d4d0000,0x000000001d5d0000)]
  0x000000001c40d000 JavaThread "Attach Listener" daemon [_thread_blocked, id=4728, stack(0x000000001cbd0000,0x000000001ccd0000)]
  0x000000001c40c000 JavaThread "Signal Dispatcher" daemon [_thread_blocked, id=14680, stack(0x000000001cad0000,0x000000001cbd0000)]
  0x000000001c401800 JavaThread "Finalizer" daemon [_thread_blocked, id=12892, stack(0x000000001c7e0000,0x000000001c8e0000)]
  0x00000000054ce000 JavaThread "Reference Handler" daemon [_thread_blocked, id=4832, stack(0x000000001c2e0000,0x000000001c3e0000)]
  0x00000000053d6800 JavaThread "main" [_thread_blocked, id=10056, stack(0x0000000005160000,0x0000000005260000)]

Other Threads:
  0x000000001a508800 VMThread [stack: 0x000000001c1e0000,0x000000001c2e0000] [id=12772]
  0x000000001cfc5000 WatcherThread [stack: 0x000000001e110000,0x000000001e210000] [id=2588]

VM state:not at safepoint (normal execution)

VM Mutex/Monitor currently owned by a thread: None

Heap:
 PSYoungGen      total 124416K, used 49698K [0x00000000d5900000, 0x00000000ded00000, 0x0000000100000000)
  eden space 115712K, 35% used [0x00000000d5900000,0x00000000d8125dc0,0x00000000dca00000)
  from space 8704K, 98% used [0x00000000de480000,0x00000000dece2a40,0x00000000ded00000)
  to   space 10752K, 0% used [0x00000000dd800000,0x00000000dd800000,0x00000000de280000)
 ParOldGen       total 54272K, used 9391K [0x0000000080a00000, 0x0000000083f00000, 0x00000000d5900000)
  object space 54272K, 17% used [0x0000000080a00000,0x000000008132be38,0x0000000083f00000)
 Metaspace       used 24627K, capacity 25436K, committed 25472K, reserved 1071104K
  class space    used 3262K, capacity 3456K, committed 3456K, reserved 1048576K

Card table byte_map: [0x0000000014890000,0x0000000014c90000] byte_map_base: 0x000000001448b000

Marking Bits: (ParMarkBitMap*) 0x0000000072c3d850
 Begin Bits: [0x0000000015740000, 0x0000000017718000)
 End Bits:   [0x0000000017718000, 0x00000000196f0000)

Polling page: 0x00000000039c0000

CodeCache: size=245760Kb used=4839Kb max_used=4839Kb free=240920Kb
 bounds [0x00000000054d0000, 0x0000000005990000, 0x00000000144d0000]
 total_blobs=2560 nmethods=2153 adapters=320
 compilation: enabled

Compilation events (10 events):
Event: 2.693 Thread 0x000000001c7b8800 2149       1       org.springframework.core.type.classreading.ClassMetadataReadingVisitor::visitInnerClass (79 bytes)
Event: 2.693 Thread 0x000000001c7b8800 nmethod 2149 0x000000000597f190 code [0x000000000597f360, 0x000000000597f788]
Event: 2.697 Thread 0x000000001c7b8800 2150       1       java.util.HashMap::isEmpty (13 bytes)
Event: 2.697 Thread 0x000000001c7b8800 nmethod 2150 0x000000000597fb50 code [0x000000000597fca0, 0x000000000597fdd0]
Event: 2.698 Thread 0x000000001c7b8800 2151       1       org.springframework.boot.autoconfigure.condition.OnClassCondition$MatchType$2::matches (14 bytes)
Event: 2.698 Thread 0x000000001c7b8800 nmethod 2151 0x000000000597fe10 code [0x000000000597ffa0, 0x00000000059801d8]
Event: 2.698 Thread 0x000000001c7b8800 2152       1       org.springframework.boot.autoconfigure.condition.OnClassCondition::getMatches (71 bytes)
Event: 2.698 Thread 0x000000001c7b8800 nmethod 2152 0x0000000005980450 code [0x0000000005980620, 0x0000000005980a48]
Event: 2.700 Thread 0x000000001c7b8800 2153       1       org.springframework.asm.ClassReader::accept (1257 bytes)
Event: 2.705 Thread 0x000000001c7b8800 nmethod 2153 0x0000000005980e10 code [0x0000000005981380, 0x0000000005984558]

GC Heap History (10 events):
Event: 1.635 GC heap before
{Heap before GC invocations=3 (full 0):
 PSYoungGen      total 38400K, used 36965K [0x00000000d5900000, 0x00000000da400000, 0x0000000100000000)
  eden space 33280K, 100% used [0x00000000d5900000,0x00000000d7980000,0x00000000d7980000)
  from space 5120K, 71% used [0x00000000d7e80000,0x00000000d8219530,0x00000000d8380000)
  to   space 5120K, 0% used [0x00000000d7980000,0x00000000d7980000,0x00000000d7e80000)
 ParOldGen       total 87552K, used 24K [0x0000000080a00000, 0x0000000085f80000, 0x00000000d5900000)
  object space 87552K, 0% used [0x0000000080a00000,0x0000000080a06000,0x0000000085f80000)
 Metaspace       used 14084K, capacity 14568K, committed 14848K, reserved 1062912K
  class space    used 1811K, capacity 1939K, committed 2048K, reserved 1048576K
Event: 1.640 GC heap after
Heap after GC invocations=3 (full 0):
 PSYoungGen      total 38400K, used 5101K [0x00000000d5900000, 0x00000000da400000, 0x0000000100000000)
  eden space 33280K, 0% used [0x00000000d5900000,0x00000000d5900000,0x00000000d7980000)
  from space 5120K, 99% used [0x00000000d7980000,0x00000000d7e7b7c8,0x00000000d7e80000)
  to   space 5120K, 0% used [0x00000000d9f00000,0x00000000d9f00000,0x00000000da400000)
 ParOldGen       total 87552K, used 210K [0x0000000080a00000, 0x0000000085f80000, 0x00000000d5900000)
  object space 87552K, 0% used [0x0000000080a00000,0x0000000080a349d0,0x0000000085f80000)
 Metaspace       used 14084K, capacity 14568K, committed 14848K, reserved 1062912K
  class space    used 1811K, capacity 1939K, committed 2048K, reserved 1048576K
}
Event: 1.791 GC heap before
{Heap before GC invocations=4 (full 0):
 PSYoungGen      total 38400K, used 38381K [0x00000000d5900000, 0x00000000da400000, 0x0000000100000000)
  eden space 33280K, 100% used [0x00000000d5900000,0x00000000d7980000,0x00000000d7980000)
  from space 5120K, 99% used [0x00000000d7980000,0x00000000d7e7b7c8,0x00000000d7e80000)
  to   space 5120K, 0% used [0x00000000d9f00000,0x00000000d9f00000,0x00000000da400000)
 ParOldGen       total 87552K, used 211K [0x0000000080a00000, 0x0000000085f80000, 0x00000000d5900000)
  object space 87552K, 0% used [0x0000000080a00000,0x0000000080a34de0,0x0000000085f80000)
 Metaspace       used 16160K, capacity 16680K, committed 16768K, reserved 1062912K
  class space    used 2199K, capacity 2381K, committed 2432K, reserved 1048576K
Event: 1.801 GC heap after
Heap after GC invocations=4 (full 0):
 PSYoungGen      total 71680K, used 5098K [0x00000000d5900000, 0x00000000da400000, 0x0000000100000000)
  eden space 66560K, 0% used [0x00000000d5900000,0x00000000d5900000,0x00000000d9a00000)
  from space 5120K, 99% used [0x00000000d9f00000,0x00000000da3fab50,0x00000000da400000)
  to   space 5120K, 0% used [0x00000000d9a00000,0x00000000d9a00000,0x00000000d9f00000)
 ParOldGen       total 87552K, used 1250K [0x0000000080a00000, 0x0000000085f80000, 0x00000000d5900000)
  object space 87552K, 1% used [0x0000000080a00000,0x0000000080b38b80,0x0000000085f80000)
 Metaspace       used 16160K, capacity 16680K, committed 16768K, reserved 1062912K
  class space    used 2199K, capacity 2381K, committed 2432K, reserved 1048576K
}
Event: 2.021 GC heap before
{Heap before GC invocations=5 (full 0):
 PSYoungGen      total 71680K, used 49803K [0x00000000d5900000, 0x00000000da400000, 0x0000000100000000)
  eden space 66560K, 67% used [0x00000000d5900000,0x00000000d84a8348,0x00000000d9a00000)
  from space 5120K, 99% used [0x00000000d9f00000,0x00000000da3fab50,0x00000000da400000)
  to   space 5120K, 0% used [0x00000000d9a00000,0x00000000d9a00000,0x00000000d9f00000)
 ParOldGen       total 87552K, used 1250K [0x0000000080a00000, 0x0000000085f80000, 0x00000000d5900000)
  object space 87552K, 1% used [0x0000000080a00000,0x0000000080b38b80,0x0000000085f80000)
 Metaspace       used 20610K, capacity 21206K, committed 21296K, reserved 1067008K
  class space    used 2726K, capacity 2910K, committed 2944K, reserved 1048576K
Event: 2.031 GC heap after
Heap after GC invocations=5 (full 0):
 PSYoungGen      total 71680K, used 5105K [0x00000000d5900000, 0x00000000dee00000, 0x0000000100000000)
  eden space 66560K, 0% used [0x00000000d5900000,0x00000000d5900000,0x00000000d9a00000)
  from space 5120K, 99% used [0x00000000d9a00000,0x00000000d9efc650,0x00000000d9f00000)
  to   space 9728K, 0% used [0x00000000de480000,0x00000000de480000,0x00000000dee00000)
 ParOldGen       total 87552K, used 5627K [0x0000000080a00000, 0x0000000085f80000, 0x00000000d5900000)
  object space 87552K, 6% used [0x0000000080a00000,0x0000000080f7ed28,0x0000000085f80000)
 Metaspace       used 20610K, capacity 21206K, committed 21296K, reserved 1067008K
  class space    used 2726K, capacity 2910K, committed 2944K, reserved 1048576K
}
Event: 2.031 GC heap before
{Heap before GC invocations=6 (full 1):
 PSYoungGen      total 71680K, used 5105K [0x00000000d5900000, 0x00000000dee00000, 0x0000000100000000)
  eden space 66560K, 0% used [0x00000000d5900000,0x00000000d5900000,0x00000000d9a00000)
  from space 5120K, 99% used [0x00000000d9a00000,0x00000000d9efc650,0x00000000d9f00000)
  to   space 9728K, 0% used [0x00000000de480000,0x00000000de480000,0x00000000dee00000)
 ParOldGen       total 87552K, used 5627K [0x0000000080a00000, 0x0000000085f80000, 0x00000000d5900000)
  object space 87552K, 6% used [0x0000000080a00000,0x0000000080f7ed28,0x0000000085f80000)
 Metaspace       used 20610K, capacity 21206K, committed 21296K, reserved 1067008K
  class space    used 2726K, capacity 2910K, committed 2944K, reserved 1048576K
Event: 2.057 GC heap after
Heap after GC invocations=6 (full 1):
 PSYoungGen      total 71680K, used 0K [0x00000000d5900000, 0x00000000dee00000, 0x0000000100000000)
  eden space 66560K, 0% used [0x00000000d5900000,0x00000000d5900000,0x00000000d9a00000)
  from space 5120K, 0% used [0x00000000d9a00000,0x00000000d9a00000,0x00000000d9f00000)
  to   space 9728K, 0% used [0x00000000de480000,0x00000000de480000,0x00000000dee00000)
 ParOldGen       total 54272K, used 9243K [0x0000000080a00000, 0x0000000083f00000, 0x00000000d5900000)
  object space 54272K, 17% used [0x0000000080a00000,0x0000000081306f30,0x0000000083f00000)
 Metaspace       used 20610K, capacity 21206K, committed 21296K, reserved 1067008K
  class space    used 2726K, capacity 2910K, committed 2944K, reserved 1048576K
}
Event: 2.605 GC heap before
{Heap before GC invocations=7 (full 1):
 PSYoungGen      total 71680K, used 66560K [0x00000000d5900000, 0x00000000dee00000, 0x0000000100000000)
  eden space 66560K, 100% used [0x00000000d5900000,0x00000000d9a00000,0x00000000d9a00000)
  from space 5120K, 0% used [0x00000000d9a00000,0x00000000d9a00000,0x00000000d9f00000)
  to   space 9728K, 0% used [0x00000000de480000,0x00000000de480000,0x00000000dee00000)
 ParOldGen       total 54272K, used 9319K [0x0000000080a00000, 0x0000000083f00000, 0x00000000d5900000)
  object space 54272K, 17% used [0x0000000080a00000,0x0000000081319e28,0x0000000083f00000)
 Metaspace       used 24470K, capacity 25200K, committed 25472K, reserved 1071104K
  class space    used 3245K, capacity 3422K, committed 3456K, reserved 1048576K
Event: 2.613 GC heap after
Heap after GC invocations=7 (full 1):
 PSYoungGen      total 124416K, used 8586K [0x00000000d5900000, 0x00000000ded00000, 0x0000000100000000)
  eden space 115712K, 0% used [0x00000000d5900000,0x00000000d5900000,0x00000000dca00000)
  from space 8704K, 98% used [0x00000000de480000,0x00000000dece2a40,0x00000000ded00000)
  to   space 10752K, 0% used [0x00000000dd800000,0x00000000dd800000,0x00000000de280000)
 ParOldGen       total 54272K, used 9391K [0x0000000080a00000, 0x0000000083f00000, 0x00000000d5900000)
  object space 54272K, 17% used [0x0000000080a00000,0x000000008132be38,0x0000000083f00000)
 Metaspace       used 24470K, capacity 25200K, committed 25472K, reserved 1071104K
  class space    used 3245K, capacity 3422K, committed 3456K, reserved 1048576K
}

Deoptimization events (0 events):
No events

Internal exceptions (10 events):
Event: 2.100 Thread 0x000000001d480000 Exception <a 'java/lang/ClassNotFoundException': org/springframework/context/annotation/ConfigurationClassPostProcessorCustomizer> (0x00000000d60ace40) thrown at [C:\re\workspace\8-2-build-windows-amd64-cygwin\jdk8u144\9417\hotspot\src\share\vm\classfile\
Event: 2.105 Thread 0x000000001d480000 Exception <a 'java/lang/ClassNotFoundException': org/springframework/beans/factory/support/BeanDefinitionRegistryPostProcessorCustomizer> (0x00000000d612d208) thrown at [C:\re\workspace\8-2-build-windows-amd64-cygwin\jdk8u144\9417\hotspot\src\share\vm\cla
Event: 2.105 Thread 0x000000001d480000 Exception <a 'java/lang/ClassNotFoundException': org/springframework/core/PriorityOrderedCustomizer> (0x00000000d61432b8) thrown at [C:\re\workspace\8-2-build-windows-amd64-cygwin\jdk8u144\9417\hotspot\src\share\vm\classfile\systemDictionary.cpp, line 210
Event: 2.105 Thread 0x000000001d480000 Exception <a 'java/lang/ClassNotFoundException': org/springframework/context/ResourceLoaderAwareCustomizer> (0x00000000d615a498) thrown at [C:\re\workspace\8-2-build-windows-amd64-cygwin\jdk8u144\9417\hotspot\src\share\vm\classfile\systemDictionary.cpp, l
Event: 2.106 Thread 0x000000001d480000 Exception <a 'java/lang/ClassNotFoundException': org/springframework/beans/factory/BeanClassLoaderAwareCustomizer> (0x00000000d620c168) thrown at [C:\re\workspace\8-2-build-windows-amd64-cygwin\jdk8u144\9417\hotspot\src\share\vm\classfile\systemDictionary
Event: 2.107 Thread 0x000000001d480000 Exception <a 'java/lang/ClassNotFoundException': org/springframework/context/EnvironmentAwareCustomizer> (0x00000000d6223988) thrown at [C:\re\workspace\8-2-build-windows-amd64-cygwin\jdk8u144\9417\hotspot\src\share\vm\classfile\systemDictionary.cpp, line
Event: 2.114 Thread 0x000000001d480000 Exception <a 'java/lang/NoClassDefFoundError': reactor/core/publisher/Mono> (0x00000000d62cb238) thrown at [C:\re\workspace\8-2-build-windows-amd64-cygwin\jdk8u144\9417\hotspot\src\share\vm\classfile\systemDictionary.cpp, line 199]
Event: 2.115 Thread 0x000000001d480000 Exception <a 'java/lang/NoClassDefFoundError': rx/Observable> (0x00000000d62dff88) thrown at [C:\re\workspace\8-2-build-windows-amd64-cygwin\jdk8u144\9417\hotspot\src\share\vm\classfile\systemDictionary.cpp, line 199]
Event: 2.115 Thread 0x000000001d480000 Exception <a 'java/lang/NoClassDefFoundError': io/reactivex/Flowable> (0x00000000d62f6a90) thrown at [C:\re\workspace\8-2-build-windows-amd64-cygwin\jdk8u144\9417\hotspot\src\share\vm\classfile\systemDictionary.cpp, line 199]
Event: 2.579 Thread 0x000000001d178000 Exception <a 'java/lang/reflect/InvocationTargetException'> (0x00000000d5c905f8) thrown at [C:\re\workspace\8-2-build-windows-amd64-cygwin\jdk8u144\9417\hotspot\src\share\vm\runtime\reflection.cpp, line 1092]

Events (10 events):
Event: 2.686 loading class org/springframework/boot/autoconfigure/data/AbstractRepositoryConfigurationSourceSupport
Event: 2.686 loading class org/springframework/boot/autoconfigure/data/AbstractRepositoryConfigurationSourceSupport done
Event: 2.695 loading class com/fasterxml/jackson/module/paramnames/ParameterNamesModule
Event: 2.695 loading class com/fasterxml/jackson/module/paramnames/ParameterNamesModule done
Event: 2.697 loading class org/joda/time/DateTime
Event: 2.697 loading class org/joda/time/DateTime done
Event: 2.697 loading class com/fasterxml/jackson/datatype/joda/ser/DateTimeSerializer
Event: 2.697 loading class com/fasterxml/jackson/datatype/joda/ser/DateTimeSerializer done
Event: 2.697 loading class com/fasterxml/jackson/datatype/joda/cfg/JacksonJodaDateFormat
Event: 2.697 loading class com/fasterxml/jackson/datatype/joda/cfg/JacksonJodaDateFormat done


Dynamic libraries:
0x00007ff7accd0000 - 0x00007ff7acd07000 	C:\Program Files\Java\jdk1.8.0_144\bin\java.exe
0x00007ff8435b0000 - 0x00007ff843790000 	C:\WINDOWS\SYSTEM32\ntdll.dll
0x00007ff842d70000 - 0x00007ff842e1e000 	C:\WINDOWS\System32\KERNEL32.DLL
0x00007ff83f9b0000 - 0x00007ff83fc16000 	C:\WINDOWS\System32\KERNELBASE.dll
0x00007ff842cc0000 - 0x00007ff842d61000 	C:\WINDOWS\System32\ADVAPI32.dll
0x00007ff840d20000 - 0x00007ff840dbd000 	C:\WINDOWS\System32\msvcrt.dll
0x00007ff842390000 - 0x00007ff8423eb000 	C:\WINDOWS\System32\sechost.dll
0x00007ff842f70000 - 0x00007ff84308f000 	C:\WINDOWS\System32\RPCRT4.dll
0x00007ff840dc0000 - 0x00007ff840f4f000 	C:\WINDOWS\System32\USER32.dll
0x00007ff840980000 - 0x00007ff8409a0000 	C:\WINDOWS\System32\win32u.dll
0x00007ff840b50000 - 0x00007ff840b78000 	C:\WINDOWS\System32\GDI32.dll
0x00007ff8406e0000 - 0x00007ff840873000 	C:\WINDOWS\System32\gdi32full.dll
0x00007ff840470000 - 0x00007ff84050b000 	C:\WINDOWS\System32\msvcp_win.dll
0x00007ff840370000 - 0x00007ff840466000 	C:\WINDOWS\System32\ucrtbase.dll
0x00007ff82bb50000 - 0x00007ff82bdb9000 	C:\WINDOWS\WinSxS\amd64_microsoft.windows.common-controls_6595b64144ccf1df_6.0.16299.371_none_15c7d1789365a290\COMCTL32.dll
0x00007ff842690000 - 0x00007ff842998000 	C:\WINDOWS\System32\combase.dll
0x00007ff840a00000 - 0x00007ff840a72000 	C:\WINDOWS\System32\bcryptPrimitives.dll
0x00007ff843090000 - 0x00007ff8430bd000 	C:\WINDOWS\System32\IMM32.DLL
0x0000000073a80000 - 0x0000000073b52000 	C:\Program Files\Java\jdk1.8.0_144\jre\bin\msvcr100.dll
0x0000000072420000 - 0x0000000072cbd000 	C:\Program Files\Java\jdk1.8.0_144\jre\bin\server\jvm.dll
0x00007ff842680000 - 0x00007ff842688000 	C:\WINDOWS\System32\PSAPI.DLL
0x00007ff836060000 - 0x00007ff836083000 	C:\WINDOWS\SYSTEM32\WINMM.dll
0x00007ff837580000 - 0x00007ff83758a000 	C:\WINDOWS\SYSTEM32\VERSION.dll
0x00007ff8303e0000 - 0x00007ff8303e9000 	C:\WINDOWS\SYSTEM32\WSOCK32.dll
0x00007ff8430c0000 - 0x00007ff84312c000 	C:\WINDOWS\System32\WS2_32.dll
0x00007ff835c20000 - 0x00007ff835c4a000 	C:\WINDOWS\SYSTEM32\WINMMBASE.dll
0x00007ff840930000 - 0x00007ff84097a000 	C:\WINDOWS\System32\cfgmgr32.dll
0x0000000073a70000 - 0x0000000073a7f000 	C:\Program Files\Java\jdk1.8.0_144\jre\bin\verify.dll
0x0000000073a40000 - 0x0000000073a69000 	C:\Program Files\Java\jdk1.8.0_144\jre\bin\java.dll
0x0000000073a10000 - 0x0000000073a33000 	C:\Program Files\Java\jdk1.8.0_144\jre\bin\instrument.dll
0x00000000739f0000 - 0x0000000073a06000 	C:\Program Files\Java\jdk1.8.0_144\jre\bin\zip.dll
0x00007ff840f50000 - 0x00007ff842386000 	C:\WINDOWS\System32\SHELL32.dll
0x00007ff840c70000 - 0x00007ff840d16000 	C:\WINDOWS\System32\shcore.dll
0x00007ff83fc20000 - 0x00007ff840367000 	C:\WINDOWS\System32\windows.storage.dll
0x00007ff840c00000 - 0x00007ff840c51000 	C:\WINDOWS\System32\shlwapi.dll
0x00007ff83f940000 - 0x00007ff83f951000 	C:\WINDOWS\System32\kernel.appcore.dll
0x00007ff83f960000 - 0x00007ff83f9ac000 	C:\WINDOWS\System32\powrprof.dll
0x00007ff83f900000 - 0x00007ff83f91b000 	C:\WINDOWS\System32\profapi.dll
0x00007ff836850000 - 0x00007ff83686a000 	C:\Program Files\JetBrains\IntelliJ IDEA 2017.2.5\bin\breakgen64.dll
0x00000000739d0000 - 0x00000000739ea000 	C:\Program Files\Java\jdk1.8.0_144\jre\bin\net.dll
0x00007ff83f190000 - 0x00007ff83f1f6000 	C:\WINDOWS\system32\mswsock.dll
0x00000000739c0000 - 0x00000000739cd000 	C:\Program Files\Java\jdk1.8.0_144\jre\bin\management.dll
0x00000000739a0000 - 0x00000000739b1000 	C:\Program Files\Java\jdk1.8.0_144\jre\bin\nio.dll
0x00007ff8248e0000 - 0x00007ff8248f6000 	C:\WINDOWS\system32\napinsp.dll
0x00007ff824900000 - 0x00007ff82491a000 	C:\WINDOWS\system32\pnrpnsp.dll
0x00007ff83c3d0000 - 0x00007ff83c3e8000 	C:\WINDOWS\system32\NLAapi.dll
0x00007ff83ef60000 - 0x00007ff83f016000 	C:\WINDOWS\SYSTEM32\DNSAPI.dll
0x00007ff8423f0000 - 0x00007ff8423f8000 	C:\WINDOWS\System32\NSI.dll
0x00007ff83ef20000 - 0x00007ff83ef59000 	C:\WINDOWS\SYSTEM32\IPHLPAPI.DLL
0x00007ff82dc20000 - 0x00007ff82dc2e000 	C:\WINDOWS\System32\winrnr.dll
0x00007ff83a0f0000 - 0x00007ff83a0fa000 	C:\Windows\System32\rasadhlp.dll
0x00007ff83a330000 - 0x00007ff83a3a0000 	C:\WINDOWS\System32\fwpuclnt.dll
0x00007ff83f460000 - 0x00007ff83f485000 	C:\WINDOWS\SYSTEM32\bcrypt.dll
0x00007ff83f350000 - 0x00007ff83f367000 	C:\WINDOWS\SYSTEM32\CRYPTSP.dll
0x00007ff83ed90000 - 0x00007ff83edc3000 	C:\WINDOWS\system32\rsaenh.dll
0x00007ff83f830000 - 0x00007ff83f859000 	C:\WINDOWS\SYSTEM32\USERENV.dll
0x00007ff83f370000 - 0x00007ff83f37b000 	C:\WINDOWS\SYSTEM32\CRYPTBASE.dll
0x00007ff83aed0000 - 0x00007ff83aee6000 	C:\WINDOWS\SYSTEM32\dhcpcsvc6.DLL
0x00007ff83ae60000 - 0x00007ff83ae7a000 	C:\WINDOWS\SYSTEM32\dhcpcsvc.DLL
0x00007ff833100000 - 0x00007ff8332c8000 	C:\WINDOWS\SYSTEM32\dbghelp.dll

VM Arguments:
jvm_args: -XX:TieredStopAtLevel=1 -Xverify:none -Dspring.output.ansi.enabled=always -Dcom.sun.management.jmxremote -Dcom.sun.management.jmxremote.port=6176 -Dcom.sun.management.jmxremote.authenticate=false -Dcom.sun.management.jmxremote.ssl=false -Dspring.liveBeansView.mbeanDomain -Dspring.application.admin.enabled=true -javaagent:C:\Program Files\JetBrains\IntelliJ IDEA 2017.2.5\lib\idea_rt.jar=6177:C:\Program Files\JetBrains\IntelliJ IDEA 2017.2.5\bin -Dfile.encoding=UTF-8 
java_command: id.ac.tazkia.callcenter.outbound.OutboundCallcenterApplication
java_class_path (initial): C:\Program Files\Java\jdk1.8.0_144\jre\lib\charsets.jar;C:\Program Files\Java\jdk1.8.0_144\jre\lib\deploy.jar;C:\Program Files\Java\jdk1.8.0_144\jre\lib\ext\access-bridge-64.jar;C:\Program Files\Java\jdk1.8.0_144\jre\lib\ext\cldrdata.jar;C:\Program Files\Java\jdk1.8.0_144\jre\lib\ext\dnsns.jar;C:\Program Files\Java\jdk1.8.0_144\jre\lib\ext\jaccess.jar;C:\Program Files\Java\jdk1.8.0_144\jre\lib\ext\jfxrt.jar;C:\Program Files\Java\jdk1.8.0_144\jre\lib\ext\localedata.jar;C:\Program Files\Java\jdk1.8.0_144\jre\lib\ext\nashorn.jar;C:\Program Files\Java\jdk1.8.0_144\jre\lib\ext\sunec.jar;C:\Program Files\Java\jdk1.8.0_144\jre\lib\ext\sunjce_provider.jar;C:\Program Files\Java\jdk1.8.0_144\jre\lib\ext\sunmscapi.jar;C:\Program Files\Java\jdk1.8.0_144\jre\lib\ext\sunpkcs11.jar;C:\Program Files\Java\jdk1.8.0_144\jre\lib\ext\zipfs.jar;C:\Program Files\Java\jdk1.8.0_144\jre\lib\javaws.jar;C:\Program Files\Java\jdk1.8.0_144\jre\lib\jce.jar;C:\Program Files\Java\jdk1.8.0_144\jre\lib\jfr.jar;C:\Program Files\Java\jdk1.8.0_144\jre\lib\jfxswt.jar;C:\Program Files\Java\jdk1.8.0_144\jre\lib\jsse.jar;C:\Program Files\Java\jdk1.8.0_144\jre\lib\management-agent.jar;C:\Program Files\Java\jdk1.8.0_144\jre\lib\plugin.jar;C:\Program Files\Java\jdk1.8.0_144\jre\lib\resources.jar;C:\Program Files\Java\jdk1.8.0_144\jre\lib\rt.jar;C:\Users\yogi\Documents\project java\outbound-callcenter\target\classes;C:\Users\yogi\.m2\repository\org\springframework\boot\spring-boot-starter-data-jpa\2.0.1.RELEASE\spring-boot-starter-data-jpa-2.0.1.RELEASE.jar;C:\Users\yogi\.m2\repository\org\springframework\boot\spring-boot-starter\2.0.1.RELEASE\spring-boot-starter-2.0.1.RELEASE.jar;C:\Users\yogi\.m2\repository\org\springframework\boot\spring-boot-starter-logging\2.0.1.RELEASE\spring-boot-starter-logging-2.0.1.RELEASE.jar;C:\Users\yogi\.m2\repository\ch\qos\logback\logback-classic\1.2.3\logback-classic-1.2.3.jar;C:\Users\yogi\.m2\repository\ch\qos\logback\logback-core\1.2.3\logback-co
Launcher Type: SUN_STANDARD

Environment Variables:
PATH=C:\Program Files (x86)\NVIDIA Corporation\PhysX\Common;C:\ProgramData\Oracle\Java\javapath;C:\Program Files (x86)\Common Files\Intel\Shared Files\cpp\bin\Intel64;C:\WINDOWS\system32;C:\WINDOWS;C:\WINDOWS\System32\Wbem;C:\WINDOWS\System32\WindowsPowerShell\v1.0\;C:\WINDOWS\system32\config\systemprofile\.dnx\bin;C:\Program Files\Microsoft DNX\Dnvm\;C:\Program Files\Microsoft SQL Server\120\Tools\Binn\;C:\Program Files\PuTTY\;C:\Program Files (x86)\Skype\Phone\;C:\Program Files\Git\cmd;C:\Program Files\youtube-dl;C:\Users\yogi\AppData\Local\Microsoft\WindowsApps;%USERPROFILE%\AppData\Local\Microsoft\WindowsApps;
USERNAME=yogi
OS=Windows_NT
PROCESSOR_IDENTIFIER=AMD64 Family 23 Model 1 Stepping 1, AuthenticAMD



---------------  S Y S T E M  ---------------

OS: Windows 10.0 , 64 bit Build 16299 (10.0.16299.15)

CPU:total 8 (initial active 8) (8 cores per cpu, 1 threads per core) family 23 model 1 stepping 1, cmov, cx8, fxsr, mmx, sse, sse2, sse3, ssse3, sse4.1, sse4.2, popcnt, avx, avx2, aes, clmul, mmxext, 3dnowpref, lzcnt, sse4a, tsc, tscinvbit, tscinv, bmi1

Memory: 4k page, physical 8340036k(1982608k free), swap 17777220k(6558568k free)

vm_info: Java HotSpot(TM) 64-Bit Server VM (25.144-b01) for windows-amd64 JRE (1.8.0_144-b01), built on Jul 21 2017 21:57:33 by "java_re" with MS VC++ 10.0 (VS2010)

time: Thu Apr 26 08:20:47 2018
elapsed time: 2 seconds (0d 0h 0m 2s)

